[2025-09-02 16:57:19] [INFO] SFTP services initialized
[2025-09-02 16:57:30] [INFO] Running single monitoring cycle
[2025-09-02 16:57:33] [ERROR] SFTP download failed: SFTP login failed
[2025-09-02 16:57:33] [INFO] Processing file: test_862.edi
[2025-09-02 12:57:33] [ERROR] EDI processing error for /var/www/html/edimodule/data/inbox/test_862.edi: Invalid EDI structure - missing required envelope segments
[2025-09-02 12:57:33] [INFO] Moved to error folder: test_862.edi
[2025-09-02 12:57:33] [ERROR] Failed to process: test_862.edi
[2025-09-02 16:57:53] [INFO] SFTP services initialized
[2025-09-02 16:58:05] [INFO] Running single monitoring cycle
[2025-09-02 16:58:08] [ERROR] SFTP download failed: SFTP login failed
[2025-09-02 16:58:08] [INFO] Processing file: test_862_complete.edi
[2025-09-02 12:58:08] [WARNING] Database logging error: PDO::__construct(): Argument #1 ($dsn) must be a valid data source name
[2025-09-02 12:58:08] [INFO] Moved to processed: test_862_complete.edi
[2025-09-02 12:58:08] [INFO] Successfully processed: test_862_complete.edi
[2025-09-02 18:16:28] [INFO] SFTP services initialized
[2025-09-02 18:17:04] [INFO] SFTP services initialized
[2025-09-02 18:17:16] [INFO] SFTP services initialized
[2025-09-02 18:18:51] [INFO] SFTP services initialized
[2025-09-02 18:21:04] [INFO] SFTP services initialized
[2025-09-02 18:23:08] [INFO] SFTP services initialized
[2025-09-02 18:23:35] [INFO] SFTP services initialized
[2025-09-02 18:23:42] [INFO] SFTP services initialized
[2025-09-02 18:25:58] [INFO] SFTP services initialized
[2025-09-02 18:26:02] [INFO] SFTP services initialized
[2025-09-02 18:26:06] [INFO] SFTP services initialized
[2025-09-02 18:33:56] [INFO] SFTP services initialized
[2025-09-02 18:34:15] [INFO] SFTP services initialized
[2025-09-02 18:34:56] [INFO] SFTP services initialized
[2025-09-02 18:39:33] [INFO] SFTP services initialized
[2025-09-02 18:39:48] [INFO] SFTP services initialized
[2025-09-02 18:49:29] [INFO] SFTP services initialized
[2025-09-02 19:03:56] [INFO] SFTP services initialized
[2025-09-02 19:05:52] [INFO] SFTP services initialized
[2025-09-02 19:06:19] [INFO] SFTP services initialized
[2025-09-02 19:06:46] [INFO] SFTP services initialized
[2025-09-02 19:07:03] [INFO] SFTP services initialized
[2025-09-02 19:07:18] [INFO] SFTP services initialized
[2025-09-03 17:58:34] [INFO] SFTP services initialized
[2025-09-03 17:58:48] [INFO] SFTP services initialized
[2025-09-03 17:59:11] [INFO] SFTP services initialized
[2025-09-03 17:59:16] [INFO] SFTP services initialized
[2025-09-17 13:36:52] [INFO] SFTP services initialized
[2025-09-17 13:36:56] [INFO] SFTP services initialized
[2025-09-17 13:36:59] [INFO] SFTP services initialized
[2025-09-17 13:37:09] [INFO] SFTP services initialized
[2025-09-17 13:37:23] [INFO] SFTP services initialized
[2025-09-17 13:37:25] [INFO] SFTP services initialized
[2025-09-17 13:37:28] [INFO] SFTP services initialized
[2025-09-17 13:40:37] [INFO] SFTP services initialized
[2025-09-17 13:40:38] [INFO] SFTP services initialized
[2025-09-17 13:40:41] [INFO] SFTP services initialized
[2025-09-17 13:40:43] [INFO] SFTP services initialized
[2025-09-17 13:40:45] [INFO] SFTP services initialized
[2025-09-17 13:41:00] [INFO] SFTP services initialized
[2025-09-17 13:42:19] [INFO] SFTP services initialized
[2025-09-17 13:42:22] [INFO] SFTP services initialized
[2025-09-17 13:42:25] [INFO] SFTP services initialized
[2025-09-17 13:42:27] [INFO] SFTP services initialized
[2025-09-17 13:42:29] [INFO] SFTP services initialized
[2025-09-17 13:42:32] [INFO] SFTP services initialized
[2025-09-17 13:42:36] [INFO] SFTP services initialized
[2025-09-17 13:42:39] [INFO] SFTP services initialized
[2025-09-17 13:44:05] [INFO] SFTP services initialized
[2025-09-17 13:44:12] [INFO] SFTP services initialized
[2025-09-17 13:44:17] [INFO] SFTP services initialized
[2025-09-17 13:44:22] [INFO] SFTP services initialized
[2025-09-17 13:44:27] [INFO] SFTP services initialized
[2025-09-17 13:44:29] [INFO] SFTP services initialized
[2025-09-17 13:44:32] [INFO] SFTP services initialized
[2025-09-17 13:44:53] [INFO] SFTP services initialized
[2025-09-17 13:46:50] [INFO] SFTP services initialized
[2025-09-17 13:47:21] [INFO] SFTP services initialized
[2025-09-17 13:47:30] [INFO] SFTP services initialized
[2025-09-17 13:47:39] [INFO] SFTP services initialized
[2025-09-17 13:47:48] [INFO] SFTP services initialized
[2025-09-17 13:48:02] [INFO] SFTP services initialized
[2025-09-17 13:48:41] [INFO] SFTP services initialized
[2025-09-17 13:48:46] [INFO] SFTP services initialized
[2025-09-17 13:49:53] [INFO] SFTP services initialized
[2025-09-17 13:50:04] [INFO] SFTP services initialized
[2025-09-17 13:50:05] [INFO] SFTP services initialized
[2025-09-17 13:50:32] [INFO] SFTP services initialized
[2025-09-17 13:51:48] [INFO] SFTP services initialized
[2025-09-17 13:51:49] [INFO] SFTP services initialized
[2025-09-17 13:52:08] [INFO] SFTP services initialized
[2025-09-17 13:53:09] [INFO] SFTP services initialized
[2025-09-17 13:53:10] [INFO] SFTP services initialized
[2025-09-17 13:53:12] [INFO] SFTP services initialized
[2025-09-17 13:53:27] [INFO] SFTP services initialized
[2025-09-17 13:54:09] [INFO] SFTP services initialized
[2025-09-17 13:54:11] [INFO] SFTP services initialized
[2025-09-17 13:54:25] [INFO] SFTP services initialized
[2025-09-17 13:54:36] [INFO] SFTP services initialized
[2025-09-17 13:55:03] [INFO] SFTP services initialized
[2025-09-17 13:55:30] [INFO] SFTP services initialized
[2025-09-17 13:55:45] [INFO] SFTP services initialized
[2025-09-17 13:56:07] [INFO] SFTP services initialized
[2025-09-17 13:56:23] [INFO] SFTP services initialized
[2025-09-17 13:56:35] [INFO] SFTP services initialized
[2025-09-17 13:56:52] [INFO] SFTP services initialized
[2025-09-17 13:57:12] [INFO] SFTP services initialized
[2025-09-17 13:57:19] [INFO] SFTP services initialized
[2025-09-17 13:57:23] [INFO] SFTP services initialized
[2025-09-17 13:57:28] [INFO] SFTP services initialized
[2025-09-17 13:58:01] [INFO] SFTP services initialized
[2025-09-17 13:58:31] [INFO] SFTP services initialized
[2025-09-17 13:58:40] [INFO] SFTP services initialized
[2025-09-17 13:58:41] [INFO] SFTP services initialized
[2025-09-17 13:58:41] [INFO] Running single monitoring cycle
[2025-09-17 13:58:44] [ERROR] SFTP download failed: SFTP login failed
[2025-09-17 13:58:44] [INFO] No EDI files found in inbox
[2025-09-17 13:59:00] [INFO] SFTP services initialized
[2025-09-17 13:59:41] [INFO] SFTP services initialized
[2025-09-17 14:00:23] [INFO] SFTP services initialized
[2025-09-17 14:00:46] [INFO] SFTP services initialized
[2025-09-17 14:00:49] [INFO] SFTP services initialized
[2025-09-17 14:03:50] [INFO] SFTP services initialized
[2025-09-17 14:03:51] [INFO] SFTP services initialized
[2025-09-17 14:04:06] [INFO] SFTP services initialized
[2025-09-17 14:04:14] [INFO] SFTP services initialized
[2025-09-17 14:04:19] [INFO] SFTP services initialized
[2025-09-17 14:53:10] [INFO] SFTP services initialized
[2025-09-17 14:53:12] [INFO] SFTP services initialized
[2025-09-17 14:53:14] [INFO] SFTP services initialized
[2025-09-17 14:53:14] [INFO] SFTP services initialized
[2025-09-17 14:53:15] [INFO] SFTP services initialized
[2025-09-17 14:53:26] [INFO] SFTP services initialized
[2025-09-17 14:54:02] [INFO] SFTP services initialized
[2025-09-17 18:54:02] [INFO] SFTP services initialized
[2025-09-17 18:54:02] [INFO] [CRON] Starting EDI cron monitor cycle
[2025-09-17 14:54:05] [INFO] SFTP services initialized
[2025-09-17 18:54:05] [INFO] Running single monitoring cycle
[2025-09-17 18:54:08] [ERROR] SFTP download failed: SFTP login failed
[2025-09-17 18:54:08] [INFO] No EDI files found in inbox
[2025-09-17 18:54:08] [INFO] [CRON] Cycle completed in 2.89s - Downloaded: 0, Processed: 0
[2025-09-17 14:54:09] [INFO] SFTP services initialized
[2025-09-17 18:54:11] [WARNING] [CRON] SFTP connection test failed: SFTP login failed
[2025-09-17 18:54:11] [INFO] [CRON] EDI cron monitor cycle completed successfully
[2025-09-17 14:54:17] [INFO] SFTP services initialized
[2025-09-17 14:54:29] [INFO] SFTP services initialized
[2025-09-17 14:54:49] [INFO] SFTP services initialized
[2025-09-17 14:54:55] [INFO] SFTP services initialized
[2025-09-17 14:55:14] [INFO] SFTP services initialized
[2025-09-17 14:55:39] [INFO] SFTP services initialized
[2025-09-17 14:56:18] [INFO] SFTP services initialized
[2025-09-17 14:56:45] [INFO] SFTP services initialized
[2025-09-17 14:58:18] [INFO] SFTP services initialized
[2025-09-17 14:58:30] [INFO] SFTP services initialized
[2025-09-17 14:58:41] [INFO] SFTP services initialized
[2025-09-17 14:59:42] [INFO] SFTP services initialized
[2025-09-17 14:59:46] [INFO] SFTP services initialized
[2025-09-17 14:59:50] [INFO] SFTP services initialized
[2025-09-17 14:59:52] [INFO] SFTP services initialized
[2025-09-17 14:59:55] [INFO] SFTP services initialized
[2025-09-17 15:00:00] [INFO] SFTP services initialized
[2025-09-17 15:22:57] [INFO] SFTP services initialized
[2025-09-17 15:22:59] [INFO] SFTP services initialized
[2025-09-17 15:23:01] [INFO] SFTP services initialized
[2025-09-17 15:23:02] [INFO] SFTP services initialized
[2025-09-17 15:23:04] [INFO] SFTP services initialized
[2025-09-17 15:23:07] [INFO] SFTP services initialized
[2025-09-17 15:23:09] [INFO] SFTP services initialized
[2025-09-17 15:23:45] [INFO] SFTP services initialized
[2025-09-17 15:23:51] [INFO] SFTP services initialized
[2025-09-17 15:23:57] [INFO] SFTP services initialized
[2025-09-17 15:24:02] [INFO] SFTP services initialized
[2025-09-17 15:24:33] [INFO] SFTP services initialized
[2025-09-17 15:24:39] [INFO] SFTP services initialized
[2025-09-17 15:24:41] [INFO] SFTP services initialized
[2025-09-17 15:24:44] [INFO] SFTP services initialized
[2025-09-17 15:24:47] [INFO] SFTP services initialized
[2025-09-17 15:25:36] [INFO] SFTP services initialized
[2025-09-17 15:25:57] [INFO] SFTP services initialized
